<?xml version="1.0" encoding="UTF-8"?>
<!-- Generated by org.testng.reporters.JUnitReportReporter -->
<testsuite hostname="VENKY1504" failures="0" tests="2" name="day3.cookiesDemo" time="3.086" errors="0" timestamp="2023-10-30T16:03:59 IST" skipped="0">
  <testcase classname="day3.cookiesDemo" name="testCookies" time="2.484"/>
  <system-out/>
  <testcase classname="day3.cookiesDemo" name="testCookiesValue" time="0.602"/>
  <system-out/>
</testsuite> <!-- day3.cookiesDemo -->
