<?xml version="1.0" encoding="UTF-8"?>
<!-- Generated by org.testng.reporters.JUnitReportReporter -->
<testsuite hostname="VENKY1504" failures="0" tests="1" name="day3.logging" time="1.754" errors="0" timestamp="2023-10-30T16:02:02 IST" skipped="0">
  <testcase classname="day3.logging" name="testLogs" time="1.754"/>
  <system-out/>
</testsuite> <!-- day3.logging -->
