<?xml version="1.0" encoding="UTF-8"?>
<!-- Generated by org.testng.reporters.JUnitReportReporter -->
<testsuite hostname="VENKY1504" failures="0" tests="4" name="day1.HTTP_Requests" time="6.116" errors="0" timestamp="2023-11-08T10:25:37 IST" skipped="0">
  <testcase classname="day1.HTTP_Requests" name="getUsers" time="2.387"/>
  <system-out/>
  <testcase classname="day1.HTTP_Requests" name="createUser" time="0.794"/>
  <system-out/>
  <testcase classname="day1.HTTP_Requests" name="updateUser" time="2.466"/>
  <system-out/>
  <testcase classname="day1.HTTP_Requests" name="delete" time="0.469"/>
  <system-out/>
</testsuite> <!-- day1.HTTP_Requests -->
