<?xml version="1.0" encoding="UTF-8"?>
<!-- Generated by org.testng.reporters.JUnitReportReporter -->
<testsuite hostname="VENKY1504" failures="0" tests="1" name="day8.CreateUser" time="3.041" errors="0" timestamp="2023-10-30T11:19:18 IST" skipped="0">
  <testcase classname="day8.CreateUser" name="testCreateUser" time="3.041"/>
  <system-out/>
</testsuite> <!-- day8.CreateUser -->
