<?xml version="1.0" encoding="UTF-8"?>
<!-- Generated by org.testng.reporters.JUnitReportReporter -->
<testsuite hostname="VENKY1504" failures="0" tests="1" name="day7.Authentications" time="2.127" errors="0" timestamp="2023-10-04T15:31:46 IST" skipped="0">
  <testcase classname="day7.Authentications" name="testAPIKeyAuthentication" time="2.127"/>
  <system-out/>
</testsuite> <!-- day7.Authentications -->
