<?xml version="1.0" encoding="UTF-8"?>
<!-- Generated by org.testng.reporters.JUnitReportReporter -->
<testsuite hostname="VENKY1504" failures="0" tests="1" name="day3.headersDemo" time="2.702" errors="0" timestamp="2023-10-30T16:01:36 IST" skipped="0">
  <testcase classname="day3.headersDemo" name="getHeaders" time="2.702"/>
  <system-out/>
</testsuite> <!-- day3.headersDemo -->
