<?xml version="1.0" encoding="UTF-8"?>
<!-- Generated by org.testng.reporters.JUnitReportReporter -->
<testsuite hostname="VENKY1504" failures="0" tests="1" name="day8.UpdateUser" time="0.370" errors="0" timestamp="2023-10-30T11:19:18 IST" skipped="0">
  <testcase classname="day8.UpdateUser" name="testUpdateUser" time="0.370"/>
  <system-out/>
</testsuite> <!-- day8.UpdateUser -->
