<?xml version="1.0" encoding="UTF-8"?>
<!-- Generated by org.testng.reporters.JUnitReportReporter -->
<testsuite hostname="VENKY1504" failures="0" tests="1" name="day5.ParsingXMLResponse" time="2.286" errors="0" timestamp="2023-09-25T10:02:12 IST" skipped="0">
  <testcase classname="day5.ParsingXMLResponse" name="testXMLResponseBody" time="2.286"/>
  <system-out/>
</testsuite> <!-- day5.ParsingXMLResponse -->
