<?xml version="1.0" encoding="UTF-8"?>
<!-- Generated by org.testng.reporters.JUnitReportReporter -->
<testsuite hostname="VENKY1504" failures="0" tests="2" name="API.RestAssured.DiffWaysToCreatePostRequestBody" time="2.865" errors="0" timestamp="2023-09-15T09:15:15 IST" skipped="0">
  <testcase classname="API.RestAssured.DiffWaysToCreatePostRequestBody" name="postRequestUsingExtJsonFile" time="2.789"/>
  <system-out/>
  <testcase classname="API.RestAssured.DiffWaysToCreatePostRequestBody" name="deleteRequest" time="0.076"/>
  <system-out/>
</testsuite> <!-- API.RestAssured.DiffWaysToCreatePostRequestBody -->
