<?xml version="1.0" encoding="UTF-8"?>
<!-- Generated by org.testng.reporters.JUnitReportReporter -->
<testsuite hostname="VENKY1504" failures="0" tests="1" name="day4.parsingJSONResponseData" time="0.952" errors="0" timestamp="2023-10-11T14:49:17 IST" skipped="0">
  <testcase classname="day4.parsingJSONResponseData" name="testJSONResponseBodyData" time="0.952"/>
  <system-out/>
</testsuite> <!-- day4.parsingJSONResponseData -->
