<?xml version="1.0" encoding="UTF-8"?>
<!-- Generated by org.testng.reporters.JUnitReportReporter -->
<testsuite hostname="VENKY1504" failures="0" tests="1" name="day6.Serialization_Deserialization" time="0.222" errors="0" timestamp="2023-10-11T14:53:43 IST" skipped="0">
  <testcase classname="day6.Serialization_Deserialization" name="convertJsonToPojo" time="0.222"/>
  <system-out/>
</testsuite> <!-- day6.Serialization_Deserialization -->
