<?xml version="1.0" encoding="UTF-8"?>
<!-- Generated by org.testng.reporters.JUnitReportReporter -->
<testsuite hostname="VENKY1504" failures="0" tests="1" name="day8.GetUser" time="0.316" errors="0" timestamp="2023-10-30T11:19:18 IST" skipped="0">
  <testcase classname="day8.GetUser" name="testGetUser" time="0.316"/>
  <system-out/>
</testsuite> <!-- day8.GetUser -->
