<?xml version="1.0" encoding="UTF-8"?>
<!-- Generated by org.testng.reporters.JUnitReportReporter -->
<testsuite hostname="VENKY1504" failures="0" tests="1" name="day6.XMLSchemaValidation" time="1.203" errors="0" timestamp="2023-10-11T14:59:07 IST" skipped="0">
  <testcase classname="day6.XMLSchemaValidation" name="xmlSchemaValidation" time="1.203"/>
  <system-out/>
</testsuite> <!-- day6.XMLSchemaValidation -->
