<?xml version="1.0" encoding="UTF-8"?>
<!-- Generated by org.testng.reporters.JUnitReportReporter -->
<testsuite hostname="VENKY1504" failures="0" tests="2" name="day2.DiffWaysToCreatePostRequestBody" time="2.709" errors="0" timestamp="2023-10-11T18:01:08 IST" skipped="0">
  <testcase classname="day2.DiffWaysToCreatePostRequestBody" name="postRequestUsingExtJsonFile" time="2.665"/>
  <system-out/>
  <testcase classname="day2.DiffWaysToCreatePostRequestBody" name="deleteRequest" time="0.044"/>
  <system-out/>
</testsuite> <!-- day2.DiffWaysToCreatePostRequestBody -->
