<?xml version="1.0" encoding="UTF-8"?>
<!-- Generated by org.testng.reporters.JUnitReportReporter -->
<testsuite hostname="VENKY1504" failures="0" tests="1" name="day6.JSONSchemaValidation" time="1.327" errors="0" timestamp="2023-10-11T14:53:26 IST" skipped="0">
  <testcase classname="day6.JSONSchemaValidation" name="jsonSchemaValidation" time="1.327"/>
  <system-out/>
</testsuite> <!-- day6.JSONSchemaValidation -->
