<?xml version="1.0" encoding="UTF-8"?>
<!-- Generated by org.testng.reporters.JUnitReportReporter -->
<testsuite hostname="VENKY1504" failures="0" tests="4" name="API.RestAssured.HTTP_Requests" time="6.081" errors="0" timestamp="2023-09-14T14:53:19 IST" skipped="0">
  <testcase classname="API.RestAssured.HTTP_Requests" name="getUsers" time="3.812"/>
  <system-out/>
  <testcase classname="API.RestAssured.HTTP_Requests" name="createUser" time="0.965"/>
  <system-out/>
  <testcase classname="API.RestAssured.HTTP_Requests" name="updateUser" time="0.678"/>
  <system-out/>
  <testcase classname="API.RestAssured.HTTP_Requests" name="delete" time="0.626"/>
  <system-out/>
</testsuite> <!-- API.RestAssured.HTTP_Requests -->
