<?xml version="1.0" encoding="UTF-8"?>
<!-- Generated by org.testng.reporters.JUnitReportReporter -->
<testsuite hostname="VENKY1504" failures="0" tests="1" name="day5.ParsingXMLResponseData" time="1.720" errors="0" timestamp="2023-10-11T14:45:01 IST" skipped="0">
  <testcase classname="day5.ParsingXMLResponseData" name="testXMLResponseBody" time="1.720"/>
  <system-out/>
</testsuite> <!-- day5.ParsingXMLResponseData -->
