<?xml version="1.0" encoding="UTF-8"?>
<!-- Generated by org.testng.reporters.JUnitReportReporter -->
<testsuite hostname="VENKY1504" failures="0" tests="1" name="day7.FakeDataGenerator" time="0.164" errors="0" timestamp="2023-10-11T15:01:22 IST" skipped="0">
  <testcase classname="day7.FakeDataGenerator" name="testGenerateDummyData" time="0.164"/>
  <system-out/>
</testsuite> <!-- day7.FakeDataGenerator -->
